<?xml version="1.0" encoding="UTF-8"?>
<testng-results ignored="0" total="1" passed="0" failed="1" skipped="0">
  <reporter-output>
  </reporter-output>
  <suite started-at="2024-08-10T06:03:17 IST" name="Default suite" finished-at="2024-08-10T06:03:17 IST" duration-ms="73">
    <groups>
    </groups>
    <test started-at="2024-08-10T06:03:17 IST" name="Default test" finished-at="2024-08-10T06:03:17 IST" duration-ms="73">
      <class name="listenerPractice.TestClass">
        <test-method is-config="true" signature="suiteSetup()[pri:0, instance:listenerPractice.TestClass@4803b726]" started-at="2024-08-10T06:03:17 IST" name="suiteSetup" finished-at="2024-08-10T06:03:17 IST" duration-ms="7" status="PASS">
          <reporter-output>
          </reporter-output>
        </test-method> <!-- suiteSetup -->
        <test-method is-config="true" signature="testSetup()[pri:0, instance:listenerPractice.TestClass@4803b726]" started-at="2024-08-10T06:03:17 IST" name="testSetup" finished-at="2024-08-10T06:03:17 IST" duration-ms="1" status="PASS">
          <reporter-output>
          </reporter-output>
        </test-method> <!-- testSetup -->
        <test-method is-config="true" signature="classSetup()[pri:0, instance:listenerPractice.TestClass@4803b726]" started-at="2024-08-10T06:03:17 IST" name="classSetup" finished-at="2024-08-10T06:03:17 IST" duration-ms="0" status="PASS">
          <reporter-output>
          </reporter-output>
        </test-method> <!-- classSetup -->
        <test-method is-config="true" signature="methodSetup()[pri:0, instance:listenerPractice.TestClass@4803b726]" started-at="2024-08-10T06:03:17 IST" name="methodSetup" finished-at="2024-08-10T06:03:17 IST" duration-ms="2" status="PASS">
          <reporter-output>
          </reporter-output>
        </test-method> <!-- methodSetup -->
        <test-method signature="test1()[pri:0, instance:listenerPractice.TestClass@4803b726]" started-at="2024-08-10T06:03:17 IST" name="test1" finished-at="2024-08-10T06:03:17 IST" duration-ms="10" status="FAIL">
          <exception class="java.lang.AssertionError">
            <message>
              <![CDATA[null]]>
            </message>
            <full-stacktrace>
              <![CDATA[java.lang.AssertionError: null
at org.testng.Assert.fail(Assert.java:99)
at org.testng.Assert.fail(Assert.java:106)
at listenerPractice.TestClass.test1(TestClass.java:12)
at java.base/jdk.internal.reflect.NativeMethodAccessorImpl.invoke0(Native Method)
at java.base/jdk.internal.reflect.NativeMethodAccessorImpl.invoke(NativeMethodAccessorImpl.java:77)
at java.base/jdk.internal.reflect.DelegatingMethodAccessorImpl.invoke(DelegatingMethodAccessorImpl.java:43)
at java.base/java.lang.reflect.Method.invoke(Method.java:568)
at org.testng.internal.MethodInvocationHelper.invokeMethod(MethodInvocationHelper.java:133)
at org.testng.internal.TestInvoker.invokeMethod(TestInvoker.java:598)
at org.testng.internal.TestInvoker.invokeTestMethod(TestInvoker.java:173)
at org.testng.internal.MethodRunner.runInSequence(MethodRunner.java:46)
at org.testng.internal.TestInvoker$MethodInvocationAgent.invoke(TestInvoker.java:824)
at org.testng.internal.TestInvoker.invokeTestMethods(TestInvoker.java:146)
at org.testng.internal.TestMethodWorker.invokeTestMethods(TestMethodWorker.java:146)
at org.testng.internal.TestMethodWorker.run(TestMethodWorker.java:128)
at java.base/java.util.ArrayList.forEach(ArrayList.java:1511)
at org.testng.TestRunner.privateRun(TestRunner.java:794)
at org.testng.TestRunner.run(TestRunner.java:596)
at org.testng.SuiteRunner.runTest(SuiteRunner.java:377)
at org.testng.SuiteRunner.runSequentially(SuiteRunner.java:371)
at org.testng.SuiteRunner.privateRun(SuiteRunner.java:332)
at org.testng.SuiteRunner.run(SuiteRunner.java:276)
at org.testng.SuiteRunnerWorker.runSuite(SuiteRunnerWorker.java:53)
at org.testng.SuiteRunnerWorker.run(SuiteRunnerWorker.java:96)
at org.testng.TestNG.runSuitesSequentially(TestNG.java:1212)
at org.testng.TestNG.runSuitesLocally(TestNG.java:1134)
at org.testng.TestNG.runSuites(TestNG.java:1063)
at org.testng.TestNG.run(TestNG.java:1031)
at org.testng.remote.AbstractRemoteTestNG.run(AbstractRemoteTestNG.java:115)
at org.testng.remote.RemoteTestNG.initAndRun(RemoteTestNG.java:293)
at org.testng.remote.RemoteTestNG.main(RemoteTestNG.java:91)
]]>
            </full-stacktrace>
          </exception> <!-- java.lang.AssertionError -->
          <reporter-output>
          </reporter-output>
        </test-method> <!-- test1 -->
        <test-method is-config="true" signature="methodUnset()[pri:0, instance:listenerPractice.TestClass@4803b726]" started-at="2024-08-10T06:03:17 IST" name="methodUnset" finished-at="2024-08-10T06:03:17 IST" duration-ms="0" status="PASS">
          <reporter-output>
          </reporter-output>
        </test-method> <!-- methodUnset -->
        <test-method is-config="true" signature="classUnset()[pri:0, instance:listenerPractice.TestClass@4803b726]" started-at="2024-08-10T06:03:17 IST" name="classUnset" finished-at="2024-08-10T06:03:17 IST" duration-ms="3" status="PASS">
          <reporter-output>
          </reporter-output>
        </test-method> <!-- classUnset -->
        <test-method is-config="true" signature="testUnset()[pri:0, instance:listenerPractice.TestClass@4803b726]" started-at="2024-08-10T06:03:17 IST" name="testUnset" finished-at="2024-08-10T06:03:17 IST" duration-ms="1" status="PASS">
          <reporter-output>
          </reporter-output>
        </test-method> <!-- testUnset -->
        <test-method is-config="true" signature="suiteUnset()[pri:0, instance:listenerPractice.TestClass@4803b726]" started-at="2024-08-10T06:03:18 IST" name="suiteUnset" finished-at="2024-08-10T06:03:18 IST" duration-ms="1" status="PASS">
          <reporter-output>
          </reporter-output>
        </test-method> <!-- suiteUnset -->
      </class> <!-- listenerPractice.TestClass -->
    </test> <!-- Default test -->
  </suite> <!-- Default suite -->
</testng-results>
