<?xml version="1.0" encoding="UTF-8"?>
<testng-results ignored="0" total="12" passed="12" failed="0" skipped="0">
  <reporter-output>
  </reporter-output>
  <suite started-at="2024-09-07T02:04:33 IST" name="Suite" finished-at="2024-09-07T02:04:33 IST" duration-ms="102">
    <groups>
    </groups>
    <test started-at="2024-09-07T02:04:33 IST" name="Test Runner 1" finished-at="2024-09-07T02:04:33 IST" duration-ms="102">
      <class name="distributedParallel.Test1">
        <test-method signature="demo1()[pri:0, instance:distributedParallel.Test1@6da21078]" started-at="2024-09-07T02:04:33 IST" name="demo1" finished-at="2024-09-07T02:04:33 IST" duration-ms="2" status="PASS">
          <reporter-output>
          </reporter-output>
        </test-method> <!-- demo1 -->
        <test-method signature="demo2()[pri:0, instance:distributedParallel.Test1@6da21078]" started-at="2024-09-07T02:04:33 IST" name="demo2" finished-at="2024-09-07T02:04:33 IST" duration-ms="2" status="PASS">
          <reporter-output>
          </reporter-output>
        </test-method> <!-- demo2 -->
      </class> <!-- distributedParallel.Test1 -->
      <class name="distributedParallel.Test3">
        <test-method signature="demo1()[pri:0, instance:distributedParallel.Test3@28f3b248]" started-at="2024-09-07T02:04:33 IST" name="demo1" finished-at="2024-09-07T02:04:33 IST" duration-ms="9" status="PASS">
          <reporter-output>
          </reporter-output>
        </test-method> <!-- demo1 -->
        <test-method signature="demo2()[pri:0, instance:distributedParallel.Test3@28f3b248]" started-at="2024-09-07T02:04:33 IST" name="demo2" finished-at="2024-09-07T02:04:33 IST" duration-ms="1" status="PASS">
          <reporter-output>
          </reporter-output>
        </test-method> <!-- demo2 -->
      </class> <!-- distributedParallel.Test3 -->
      <class name="distributedParallel.Test2">
        <test-method signature="demo1()[pri:0, instance:distributedParallel.Test2@f736069]" started-at="2024-09-07T02:04:33 IST" name="demo1" finished-at="2024-09-07T02:04:33 IST" duration-ms="8" status="PASS">
          <reporter-output>
          </reporter-output>
        </test-method> <!-- demo1 -->
        <test-method signature="demo2()[pri:0, instance:distributedParallel.Test2@f736069]" started-at="2024-09-07T02:04:33 IST" name="demo2" finished-at="2024-09-07T02:04:33 IST" duration-ms="2" status="PASS">
          <reporter-output>
          </reporter-output>
        </test-method> <!-- demo2 -->
      </class> <!-- distributedParallel.Test2 -->
    </test> <!-- Test Runner 1 -->
    <test started-at="2024-09-07T02:04:33 IST" name="Test Runner 2" finished-at="2024-09-07T02:04:33 IST" duration-ms="98">
      <class name="distributedParallel.Test1">
        <test-method signature="demo1()[pri:0, instance:distributedParallel.Test1@23c30a20]" started-at="2024-09-07T02:04:33 IST" name="demo1" finished-at="2024-09-07T02:04:33 IST" duration-ms="3" status="PASS">
          <reporter-output>
          </reporter-output>
        </test-method> <!-- demo1 -->
        <test-method signature="demo2()[pri:0, instance:distributedParallel.Test1@23c30a20]" started-at="2024-09-07T02:04:33 IST" name="demo2" finished-at="2024-09-07T02:04:33 IST" duration-ms="3" status="PASS">
          <reporter-output>
          </reporter-output>
        </test-method> <!-- demo2 -->
      </class> <!-- distributedParallel.Test1 -->
      <class name="distributedParallel.Test3">
        <test-method signature="demo1()[pri:0, instance:distributedParallel.Test3@7bab3f1a]" started-at="2024-09-07T02:04:33 IST" name="demo1" finished-at="2024-09-07T02:04:33 IST" duration-ms="9" status="PASS">
          <reporter-output>
          </reporter-output>
        </test-method> <!-- demo1 -->
        <test-method signature="demo2()[pri:0, instance:distributedParallel.Test3@7bab3f1a]" started-at="2024-09-07T02:04:33 IST" name="demo2" finished-at="2024-09-07T02:04:33 IST" duration-ms="5" status="PASS">
          <reporter-output>
          </reporter-output>
        </test-method> <!-- demo2 -->
      </class> <!-- distributedParallel.Test3 -->
      <class name="distributedParallel.Test2">
        <test-method signature="demo1()[pri:0, instance:distributedParallel.Test2@437da279]" started-at="2024-09-07T02:04:33 IST" name="demo1" finished-at="2024-09-07T02:04:33 IST" duration-ms="2" status="PASS">
          <reporter-output>
          </reporter-output>
        </test-method> <!-- demo1 -->
        <test-method signature="demo2()[pri:0, instance:distributedParallel.Test2@437da279]" started-at="2024-09-07T02:04:33 IST" name="demo2" finished-at="2024-09-07T02:04:33 IST" duration-ms="3" status="PASS">
          <reporter-output>
          </reporter-output>
        </test-method> <!-- demo2 -->
      </class> <!-- distributedParallel.Test2 -->
    </test> <!-- Test Runner 2 -->
  </suite> <!-- Suite -->
</testng-results>
