<?xml version="1.0" encoding="UTF-8"?>
<!-- Generated by org.testng.reporters.JUnitXMLReporter -->
<testsuite ignored="0" hostname="Nitishs-MacBook-Pro.local" failures="0" tests="6" name="Test runner 1" time="0.154" errors="0" timestamp="2024-08-08T06:04:16 IST">
  <testcase classname="distributedParallel.Test3" name="demo1" time="0.012"/>
  <testcase classname="distributedParallel.Test3" name="demo2" time="0.002"/>
  <testcase classname="distributedParallel.Test2" name="demo1" time="0.044"/>
  <testcase classname="distributedParallel.Test2" name="demo2" time="0.004"/>
  <testcase classname="distributedParallel.Test1" name="demo1" time="0.004"/>
  <testcase classname="distributedParallel.Test1" name="demo2" time="0.012"/>
</testsuite> <!-- Test runner 1 -->
