<?xml version="1.0" encoding="UTF-8"?>
<!-- Generated by org.testng.reporters.JUnitXMLReporter -->
<testsuite ignored="0" hostname="Nitishs-MacBook-Pro.local" failures="0" tests="6" name="Test runner 2" time="0.16" errors="0" timestamp="2024-08-08T06:04:16 IST">
  <testcase classname="distributedParallel.Test6" name="demo1" time="0.012"/>
  <testcase classname="distributedParallel.Test6" name="demo2" time="0.01"/>
  <testcase classname="distributedParallel.Test5" name="demo1" time="0.006"/>
  <testcase classname="distributedParallel.Test5" name="demo2" time="0.004"/>
  <testcase classname="distributedParallel.Test4" name="demo1" time="0.003"/>
  <testcase classname="distributedParallel.Test4" name="demo2" time="0.002"/>
</testsuite> <!-- Test runner 2 -->
